<?xml version="1.0" encoding="UTF-8"?>
<!-- Generated by org.testng.reporters.JUnitReportReporter -->
<testsuite hostname="BHUSH" failures="0" tests="1" name="test.NewContactPageTest" time="0.000" errors="0" timestamp="2022-08-14T21:02:28 IST" skipped="1">
  <testcase classname="test.NewContactPageTest" name="validateNewContactPageTest" time="0.000">
    <skipped/>
  </testcase> <!-- validateNewContactPageTest -->
  <system-out/>
</testsuite> <!-- test.NewContactPageTest -->
