<?xml version="1.0" encoding="UTF-8"?>
<!-- Generated by org.testng.reporters.JUnitReportReporter -->
<testsuite hostname="BHUSH" failures="0" tests="2" name="test.LoginPageTest" time="107.203" errors="0" timestamp="2022-08-14T15:25:37 IST" skipped="0">
  <testcase classname="test.LoginPageTest" name="validateLogoTest" time="32.635"/>
  <system-out/>
  <testcase classname="test.LoginPageTest" name="validateLoginTest" time="74.568"/>
  <system-out/>
</testsuite> <!-- test.LoginPageTest -->
